Using pre-set license

 COMMAND LINE ARGUMENTS:
/Applications/Unity/Unity.app/Contents/MacOS/Unity
-adb2
-batchMode
-noUpm
-name
AssetImportWorker0
-projectPath
/Users/avacavanaugh/Documents/GitHub/2D-project/Ruby 2D project
-logFile
Logs/AssetImportWorker0.log
-srvPort
59293
Successfully changed project path to: /Users/avacavanaugh/Documents/GitHub/2D-project/Ruby 2D project
/Users/avacavanaugh/Documents/GitHub/2D-project/Ruby 2D project
Using Asset Import Pipeline V2.
Refreshing native plugins compatible for Editor in 76.65 ms, found 2 plugins.
Preloading 0 native plugins for Editor in 0.00 ms.
Initialize engine version: 2020.3.0f1 (c7b5465681fb)
[Subsystems] Discovering subsystems at path /Applications/Unity/Unity.app/Contents/Resources/UnitySubsystems
[Subsystems] Discovering subsystems at path /Users/avacavanaugh/Documents/GitHub/2D-project/Ruby 2D project/Assets
GfxDevice: creating device client; threaded=0
2021-11-08 18:45:54.207 Unity[68465:11539134] Color LCD preferred device: Intel(R) UHD Graphics 617 (low power)
2021-11-08 18:45:54.207 Unity[68465:11539134] Metal devices available: 1
2021-11-08 18:45:54.207 Unity[68465:11539134] 0: Intel(R) UHD Graphics 617 (low power)
2021-11-08 18:45:54.207 Unity[68465:11539134] Using device Intel(R) UHD Graphics 617 (low power)
Initializing Metal device caps: Intel(R) UHD Graphics 617
Initialize mono
Mono path[0] = '/Applications/Unity/Unity.app/Contents/Managed'
Mono path[1] = '/Applications/Unity/Unity.app/Contents/MonoBleedingEdge/lib/mono/unityjit'
Mono config path = '/Applications/Unity/Unity.app/Contents/MonoBleedingEdge/etc'
Using monoOptions --debugger-agent=transport=dt_socket,embedding=1,server=y,suspend=n,address=127.0.0.1:56465
Begin MonoManager ReloadAssembly
Registering precompiled unity dll's ...
Register platform support module: /Applications/Unity/Unity.app/Contents/PlaybackEngines/MacStandaloneSupport/UnityEditor.OSXStandalone.Extensions.dll
Registered in 0.000758 seconds.
Native extension for OSXStandalone target not found
Refreshing native plugins compatible for Editor in 57.63 ms, found 2 plugins.
Preloading 0 native plugins for Editor in 0.00 ms.
Invoked RoslynAnalysisRunner static constructor.
RoslynAnalysisRunner will not be running.
RoslynAnalysisRunner has terminated.
Mono: successfully reloaded assembly
- Completed reload, in  2.879 seconds
Platform modules already initialized, skipping
Registering precompiled user dll's ...
Registered in 0.001211 seconds.
Begin MonoManager ReloadAssembly
Native extension for OSXStandalone target not found
Refreshing native plugins compatible for Editor in 56.71 ms, found 2 plugins.
Preloading 0 native plugins for Editor in 0.00 ms.
Invoked RoslynAnalysisRunner static constructor.
RoslynAnalysisRunner will not be running.
RoslynAnalysisRunner has terminated.
Mono: successfully reloaded assembly
- Completed reload, in  1.647 seconds
Platform modules already initialized, skipping
========================================================================
Worker process is ready to serve import requests
Launching external process: /Applications/Unity/Unity.app/Contents/Tools/UnityShaderCompiler
Launched and connected shader compiler UnityShaderCompiler after 0.02 seconds
Refreshing native plugins compatible for Editor in 0.47 ms, found 2 plugins.
Preloading 0 native plugins for Editor in 0.00 ms.
Unloading 1961 Unused Serialized files (Serialized files now loaded: 0)
System memory in use before: 148.8 MB.
System memory in use after: 148.8 MB.

Unloading 25 unused Assets to reduce memory usage. Loaded Objects now: 2405.
Total: 3.527159 ms (FindLiveObjects: 0.481057 ms CreateObjectMapping: 0.153321 ms MarkObjects: 2.603083 ms  DeleteObjects: 0.287789 ms)

========================================================================
Received Import Request.
  path: Assets/Prefab/JambiIdle1.prefab
  artifactKey: Guid(20862f100f0c642d6af2507c355d0f0e) Importer(815301076,1909f56bfc062723c751e8b465ee728b)
Start importing Assets/Prefab/JambiIdle1.prefab using Guid(20862f100f0c642d6af2507c355d0f0e) Importer(815301076,1909f56bfc062723c751e8b465ee728b)  -> (artifact id: '19b9b3409052f703dfc6427948b36658') in 2.041088 seconds
  Import took 2.047106 seconds .

========================================================================
Received Import Request.
  Time since last request: 401.177959 seconds.
  path: Assets/Scripts/RubyController.cs
  artifactKey: Guid(58d755608cd474e96bf816fba46a3654) Importer(815301076,1909f56bfc062723c751e8b465ee728b)
Start importing Assets/Scripts/RubyController.cs using Guid(58d755608cd474e96bf816fba46a3654) Importer(815301076,1909f56bfc062723c751e8b465ee728b)  -> (artifact id: 'd9a1dd057b1ec4080dc95a91a1701938') in 6.421478 seconds
  Import took 6.428515 seconds .

========================================================================
Received Import Request.
  Time since last request: 24.057593 seconds.
  path: ProjectSettings/TagManager.asset
  artifactKey: Guid(00000000000000003000000000000000) Importer(815301076,1909f56bfc062723c751e8b465ee728b)
Start importing ProjectSettings/TagManager.asset using Guid(00000000000000003000000000000000) Importer(815301076,1909f56bfc062723c751e8b465ee728b)  -> (artifact id: 'caa22e3a9e727e13572479e0aecaab5b') in 0.807795 seconds
  Import took 0.816369 seconds .

