Using pre-set license

 COMMAND LINE ARGUMENTS:
/Applications/Unity/Unity.app/Contents/MacOS/Unity
-adb2
-batchMode
-noUpm
-name
AssetImportWorker0
-projectPath
/Users/avacavanaugh/Documents/GitHub/2D-project/Ruby 2D project
-logFile
Logs/AssetImportWorker0.log
-srvPort
64234
Successfully changed project path to: /Users/avacavanaugh/Documents/GitHub/2D-project/Ruby 2D project
/Users/avacavanaugh/Documents/GitHub/2D-project/Ruby 2D project
Using Asset Import Pipeline V2.
Refreshing native plugins compatible for Editor in 132.27 ms, found 2 plugins.
Preloading 0 native plugins for Editor in 0.00 ms.
Initialize engine version: 2020.3.0f1 (c7b5465681fb)
[Subsystems] Discovering subsystems at path /Applications/Unity/Unity.app/Contents/Resources/UnitySubsystems
[Subsystems] Discovering subsystems at path /Users/avacavanaugh/Documents/GitHub/2D-project/Ruby 2D project/Assets
GfxDevice: creating device client; threaded=0
2021-11-13 16:48:41.084 Unity[75038:12875697] Color LCD preferred device: Intel(R) UHD Graphics 617 (low power)
2021-11-13 16:48:41.084 Unity[75038:12875697] Metal devices available: 1
2021-11-13 16:48:41.084 Unity[75038:12875697] 0: Intel(R) UHD Graphics 617 (low power)
2021-11-13 16:48:41.084 Unity[75038:12875697] Using device Intel(R) UHD Graphics 617 (low power)
Initializing Metal device caps: Intel(R) UHD Graphics 617
Initialize mono
Mono path[0] = '/Applications/Unity/Unity.app/Contents/Managed'
Mono path[1] = '/Applications/Unity/Unity.app/Contents/MonoBleedingEdge/lib/mono/unityjit'
Mono config path = '/Applications/Unity/Unity.app/Contents/MonoBleedingEdge/etc'
Using monoOptions --debugger-agent=transport=dt_socket,embedding=1,server=y,suspend=n,address=127.0.0.1:56038
Begin MonoManager ReloadAssembly
Registering precompiled unity dll's ...
Register platform support module: /Applications/Unity/Unity.app/Contents/PlaybackEngines/MacStandaloneSupport/UnityEditor.OSXStandalone.Extensions.dll
Registered in 0.001131 seconds.
Native extension for OSXStandalone target not found
Refreshing native plugins compatible for Editor in 62.47 ms, found 2 plugins.
Preloading 0 native plugins for Editor in 0.00 ms.
Invoked RoslynAnalysisRunner static constructor.
RoslynAnalysisRunner will not be running.
RoslynAnalysisRunner has terminated.
Mono: successfully reloaded assembly
- Completed reload, in  4.403 seconds
Platform modules already initialized, skipping
Registering precompiled user dll's ...
Registered in 0.001774 seconds.
Begin MonoManager ReloadAssembly
Native extension for OSXStandalone target not found
Refreshing native plugins compatible for Editor in 48.52 ms, found 2 plugins.
Preloading 0 native plugins for Editor in 0.00 ms.
Invoked RoslynAnalysisRunner static constructor.
RoslynAnalysisRunner will not be running.
RoslynAnalysisRunner has terminated.
Mono: successfully reloaded assembly
- Completed reload, in  1.397 seconds
Platform modules already initialized, skipping
========================================================================
Worker process is ready to serve import requests
Launching external process: /Applications/Unity/Unity.app/Contents/Tools/UnityShaderCompiler
Launched and connected shader compiler UnityShaderCompiler after 0.04 seconds
Refreshing native plugins compatible for Editor in 0.73 ms, found 2 plugins.
Preloading 0 native plugins for Editor in 0.00 ms.
Unloading 1975 Unused Serialized files (Serialized files now loaded: 0)
System memory in use before: 150.9 MB.
System memory in use after: 150.9 MB.

Unloading 25 unused Assets to reduce memory usage. Loaded Objects now: 2419.
Total: 2.864588 ms (FindLiveObjects: 0.331971 ms CreateObjectMapping: 0.112400 ms MarkObjects: 2.251519 ms  DeleteObjects: 0.165914 ms)

========================================================================
Received Import Request.
  path: Assets/Scripts/NonPlayerCharacter.cs
  artifactKey: Guid(6d1ee0021ac0f4e27bfbf62b2c3ddc2a) Importer(815301076,1909f56bfc062723c751e8b465ee728b)
Start importing Assets/Scripts/NonPlayerCharacter.cs using Guid(6d1ee0021ac0f4e27bfbf62b2c3ddc2a) Importer(815301076,1909f56bfc062723c751e8b465ee728b)  -> (artifact id: 'dfbd61e516765af7d6f0d238b103c9e7') in 5.166766 seconds
  Import took 5.175416 seconds .

========================================================================
Received Import Request.
  Time since last request: 246.262066 seconds.
  path: Assets/Scripts/RubyController.cs
  artifactKey: Guid(58d755608cd474e96bf816fba46a3654) Importer(815301076,1909f56bfc062723c751e8b465ee728b)
Start importing Assets/Scripts/RubyController.cs using Guid(58d755608cd474e96bf816fba46a3654) Importer(815301076,1909f56bfc062723c751e8b465ee728b)  -> (artifact id: '1f2afbaaef135345ef5cead2fde444ec') in 0.004953 seconds
  Import took 0.012171 seconds .

========================================================================
Received Import Request.
  Time since last request: 56.611686 seconds.
  path: Assets/Scripts/NonPlayerCharacter.cs
  artifactKey: Guid(6d1ee0021ac0f4e27bfbf62b2c3ddc2a) Importer(815301076,1909f56bfc062723c751e8b465ee728b)
Start importing Assets/Scripts/NonPlayerCharacter.cs using Guid(6d1ee0021ac0f4e27bfbf62b2c3ddc2a) Importer(815301076,1909f56bfc062723c751e8b465ee728b)  -> (artifact id: '617505c3cc67f88a3d6f7fdb24feb5bf') in 0.003526 seconds
  Import took 0.011608 seconds .

========================================================================
Received Import Request.
  Time since last request: 242.974803 seconds.
  path: Assets/Scripts/NonPlayerCharacter.cs
  artifactKey: Guid(6d1ee0021ac0f4e27bfbf62b2c3ddc2a) Importer(815301076,1909f56bfc062723c751e8b465ee728b)
Start importing Assets/Scripts/NonPlayerCharacter.cs using Guid(6d1ee0021ac0f4e27bfbf62b2c3ddc2a) Importer(815301076,1909f56bfc062723c751e8b465ee728b)  -> (artifact id: '2bd4575d8e886023b9d3cb69d11a7288') in 0.004414 seconds
  Import took 0.011826 seconds .

========================================================================
Received Import Request.
  Time since last request: 461.520968 seconds.
  path: Packages/com.unity.2d.animation/Editor/Assets/LayoutOverlay/ScrollableToolbar.uss
  artifactKey: Guid(f3a7eea6e0f5acb479ae4e70f8f25d95) Importer(815301076,1909f56bfc062723c751e8b465ee728b)
Start importing Packages/com.unity.2d.animation/Editor/Assets/LayoutOverlay/ScrollableToolbar.uss using Guid(f3a7eea6e0f5acb479ae4e70f8f25d95) Importer(815301076,1909f56bfc062723c751e8b465ee728b)  -> (artifact id: 'a8b63fa471fcce2f0c4f83bc490cf503') in 1.724340 seconds
  Import took 1.732615 seconds .

========================================================================
Received Import Request.
  Time since last request: 12.053134 seconds.
  path: Assets/NonPlayerCharacter.cs
  artifactKey: Guid(3bbe60e42895d41f9980a29ba6ae693f) Importer(815301076,1909f56bfc062723c751e8b465ee728b)
Start importing Assets/NonPlayerCharacter.cs using Guid(3bbe60e42895d41f9980a29ba6ae693f) Importer(815301076,1909f56bfc062723c751e8b465ee728b)  -> (artifact id: 'c36f3973175be9f2f8422f1b29b57f4c') in 0.006841 seconds
  Import took 0.022025 seconds .

========================================================================
Received Prepare
Registering precompiled user dll's ...
Registered in 0.001732 seconds.
Begin MonoManager ReloadAssembly
Native extension for OSXStandalone target not found
Refreshing native plugins compatible for Editor in 0.56 ms, found 2 plugins.
Preloading 0 native plugins for Editor in 0.00 ms.
Invoked RoslynAnalysisRunner static constructor.
RoslynAnalysisRunner will not be running.
RoslynAnalysisRunner has terminated.
Mono: successfully reloaded assembly
- Completed reload, in  1.083 seconds
Platform modules already initialized, skipping
Refreshing native plugins compatible for Editor in 0.63 ms, found 2 plugins.
Preloading 0 native plugins for Editor in 0.00 ms.
Unloading 1955 Unused Serialized files (Serialized files now loaded: 0)
System memory in use before: 158.7 MB.
System memory in use after: 158.7 MB.

Unloading 13 unused Assets to reduce memory usage. Loaded Objects now: 2423.
Total: 4.305032 ms (FindLiveObjects: 0.721649 ms CreateObjectMapping: 0.239340 ms MarkObjects: 3.134678 ms  DeleteObjects: 0.206174 ms)

========================================================================
Received Prepare
Registering precompiled user dll's ...
Registered in 0.000874 seconds.
Begin MonoManager ReloadAssembly
Native extension for OSXStandalone target not found
Refreshing native plugins compatible for Editor in 0.50 ms, found 2 plugins.
Preloading 0 native plugins for Editor in 0.00 ms.
Invoked RoslynAnalysisRunner static constructor.
RoslynAnalysisRunner will not be running.
RoslynAnalysisRunner has terminated.
Mono: successfully reloaded assembly
- Completed reload, in  1.283 seconds
Platform modules already initialized, skipping
Refreshing native plugins compatible for Editor in 0.50 ms, found 2 plugins.
Preloading 0 native plugins for Editor in 0.00 ms.
Unloading 1955 Unused Serialized files (Serialized files now loaded: 0)
System memory in use before: 158.9 MB.
System memory in use after: 158.9 MB.

Unloading 13 unused Assets to reduce memory usage. Loaded Objects now: 2427.
Total: 3.607375 ms (FindLiveObjects: 0.310070 ms CreateObjectMapping: 0.102723 ms MarkObjects: 2.998614 ms  DeleteObjects: 0.193972 ms)

========================================================================
Received Prepare
Registering precompiled user dll's ...
Registered in 0.000948 seconds.
Begin MonoManager ReloadAssembly
Native extension for OSXStandalone target not found
Refreshing native plugins compatible for Editor in 0.52 ms, found 2 plugins.
Preloading 0 native plugins for Editor in 0.00 ms.
Invoked RoslynAnalysisRunner static constructor.
RoslynAnalysisRunner will not be running.
RoslynAnalysisRunner has terminated.
Mono: successfully reloaded assembly
- Completed reload, in  1.279 seconds
Platform modules already initialized, skipping
Refreshing native plugins compatible for Editor in 0.52 ms, found 2 plugins.
Preloading 0 native plugins for Editor in 0.00 ms.
Unloading 1955 Unused Serialized files (Serialized files now loaded: 0)
System memory in use before: 159.1 MB.
System memory in use after: 159.1 MB.

Unloading 13 unused Assets to reduce memory usage. Loaded Objects now: 2431.
Total: 3.680031 ms (FindLiveObjects: 0.331359 ms CreateObjectMapping: 0.114921 ms MarkObjects: 3.037109 ms  DeleteObjects: 0.193359 ms)

========================================================================
Received Prepare
Registering precompiled user dll's ...
Registered in 0.000893 seconds.
Begin MonoManager ReloadAssembly
Native extension for OSXStandalone target not found
Refreshing native plugins compatible for Editor in 0.50 ms, found 2 plugins.
Preloading 0 native plugins for Editor in 0.00 ms.
Invoked RoslynAnalysisRunner static constructor.
RoslynAnalysisRunner will not be running.
RoslynAnalysisRunner has terminated.
Mono: successfully reloaded assembly
- Completed reload, in  1.366 seconds
Platform modules already initialized, skipping
Refreshing native plugins compatible for Editor in 0.50 ms, found 2 plugins.
Preloading 0 native plugins for Editor in 0.00 ms.
Unloading 1955 Unused Serialized files (Serialized files now loaded: 0)
System memory in use before: 159.4 MB.
System memory in use after: 159.3 MB.

Unloading 13 unused Assets to reduce memory usage. Loaded Objects now: 2435.
Total: 2.853918 ms (FindLiveObjects: 0.324902 ms CreateObjectMapping: 0.101233 ms MarkObjects: 2.278229 ms  DeleteObjects: 0.146607 ms)

========================================================================
Received Prepare
Registering precompiled user dll's ...
Registered in 0.000982 seconds.
Begin MonoManager ReloadAssembly
Native extension for OSXStandalone target not found
Refreshing native plugins compatible for Editor in 0.54 ms, found 2 plugins.
Preloading 0 native plugins for Editor in 0.00 ms.
Invoked RoslynAnalysisRunner static constructor.
RoslynAnalysisRunner will not be running.
RoslynAnalysisRunner has terminated.
Mono: successfully reloaded assembly
- Completed reload, in  1.539 seconds
Platform modules already initialized, skipping
Refreshing native plugins compatible for Editor in 0.54 ms, found 2 plugins.
Preloading 0 native plugins for Editor in 0.00 ms.
Unloading 1955 Unused Serialized files (Serialized files now loaded: 0)
System memory in use before: 159.6 MB.
System memory in use after: 159.6 MB.

Unloading 13 unused Assets to reduce memory usage. Loaded Objects now: 2439.
Total: 3.091264 ms (FindLiveObjects: 0.324659 ms CreateObjectMapping: 0.108523 ms MarkObjects: 2.518116 ms  DeleteObjects: 0.136586 ms)

========================================================================
Received Prepare
Registering precompiled user dll's ...
Registered in 0.000790 seconds.
Begin MonoManager ReloadAssembly
Native extension for OSXStandalone target not found
Refreshing native plugins compatible for Editor in 0.56 ms, found 2 plugins.
Preloading 0 native plugins for Editor in 0.00 ms.
Invoked RoslynAnalysisRunner static constructor.
RoslynAnalysisRunner will not be running.
RoslynAnalysisRunner has terminated.
Mono: successfully reloaded assembly
- Completed reload, in  2.096 seconds
Platform modules already initialized, skipping
Refreshing native plugins compatible for Editor in 0.48 ms, found 2 plugins.
Preloading 0 native plugins for Editor in 0.00 ms.
Unloading 1955 Unused Serialized files (Serialized files now loaded: 0)
System memory in use before: 159.8 MB.
System memory in use after: 159.8 MB.

Unloading 13 unused Assets to reduce memory usage. Loaded Objects now: 2443.
Total: 3.865426 ms (FindLiveObjects: 0.544125 ms CreateObjectMapping: 0.208114 ms MarkObjects: 2.948069 ms  DeleteObjects: 0.162556 ms)

========================================================================
Received Prepare
Registering precompiled user dll's ...
Registered in 0.000809 seconds.
Begin MonoManager ReloadAssembly
Native extension for OSXStandalone target not found
Refreshing native plugins compatible for Editor in 0.52 ms, found 2 plugins.
Preloading 0 native plugins for Editor in 0.00 ms.
Invoked RoslynAnalysisRunner static constructor.
RoslynAnalysisRunner will not be running.
RoslynAnalysisRunner has terminated.
Mono: successfully reloaded assembly
- Completed reload, in  1.414 seconds
Platform modules already initialized, skipping
Refreshing native plugins compatible for Editor in 0.54 ms, found 2 plugins.
Preloading 0 native plugins for Editor in 0.00 ms.
Unloading 1955 Unused Serialized files (Serialized files now loaded: 0)
System memory in use before: 160.0 MB.
System memory in use after: 160.0 MB.

Unloading 13 unused Assets to reduce memory usage. Loaded Objects now: 2447.
Total: 3.134146 ms (FindLiveObjects: 0.342258 ms CreateObjectMapping: 0.119808 ms MarkObjects: 2.516283 ms  DeleteObjects: 0.153996 ms)

========================================================================
Received Prepare
Registering precompiled user dll's ...
Registered in 0.000946 seconds.
Begin MonoManager ReloadAssembly
Native extension for OSXStandalone target not found
Refreshing native plugins compatible for Editor in 0.44 ms, found 2 plugins.
Preloading 0 native plugins for Editor in 0.00 ms.
Invoked RoslynAnalysisRunner static constructor.
RoslynAnalysisRunner will not be running.
RoslynAnalysisRunner has terminated.
Mono: successfully reloaded assembly
- Completed reload, in  1.553 seconds
Platform modules already initialized, skipping
Refreshing native plugins compatible for Editor in 0.53 ms, found 2 plugins.
Preloading 0 native plugins for Editor in 0.00 ms.
Unloading 1955 Unused Serialized files (Serialized files now loaded: 0)
System memory in use before: 160.2 MB.
System memory in use after: 160.2 MB.

Unloading 13 unused Assets to reduce memory usage. Loaded Objects now: 2451.
Total: 3.761454 ms (FindLiveObjects: 0.562840 ms CreateObjectMapping: 0.236719 ms MarkObjects: 2.810832 ms  DeleteObjects: 0.148477 ms)

========================================================================
Received Prepare
Registering precompiled user dll's ...
Registered in 0.000941 seconds.
Begin MonoManager ReloadAssembly
Native extension for OSXStandalone target not found
Refreshing native plugins compatible for Editor in 0.45 ms, found 2 plugins.
Preloading 0 native plugins for Editor in 0.00 ms.
Invoked RoslynAnalysisRunner static constructor.
RoslynAnalysisRunner will not be running.
RoslynAnalysisRunner has terminated.
Mono: successfully reloaded assembly
- Completed reload, in  1.560 seconds
Platform modules already initialized, skipping
Refreshing native plugins compatible for Editor in 0.50 ms, found 2 plugins.
Preloading 0 native plugins for Editor in 0.00 ms.
Unloading 1955 Unused Serialized files (Serialized files now loaded: 0)
System memory in use before: 160.4 MB.
System memory in use after: 160.4 MB.

Unloading 13 unused Assets to reduce memory usage. Loaded Objects now: 2455.
Total: 4.277878 ms (FindLiveObjects: 0.666301 ms CreateObjectMapping: 0.152136 ms MarkObjects: 3.275022 ms  DeleteObjects: 0.177879 ms)

========================================================================
Received Import Request.
  Time since last request: 848.956507 seconds.
  path: Assets/Scripts/RubyController.cs
  artifactKey: Guid(58d755608cd474e96bf816fba46a3654) Importer(815301076,1909f56bfc062723c751e8b465ee728b)
Start importing Assets/Scripts/RubyController.cs using Guid(58d755608cd474e96bf816fba46a3654) Importer(815301076,1909f56bfc062723c751e8b465ee728b)  -> (artifact id: '6db18e32969b577c4fdf98b11240e5e8') in 0.007193 seconds
  Import took 0.014286 seconds .

AssetImportWorkerClient::OnTransportError - code=2 error=End of file
