Using pre-set license

 COMMAND LINE ARGUMENTS:
/Applications/Unity/Unity.app/Contents/MacOS/Unity
-adb2
-batchMode
-noUpm
-name
AssetImportWorker0
-projectPath
/Users/avacavanaugh/Documents/GitHub/2D-project/Witches Game
-logFile
Logs/AssetImportWorker0.log
-srvPort
52131
Successfully changed project path to: /Users/avacavanaugh/Documents/GitHub/2D-project/Witches Game
/Users/avacavanaugh/Documents/GitHub/2D-project/Witches Game
Using Asset Import Pipeline V2.
Refreshing native plugins compatible for Editor in 54.42 ms, found 2 plugins.
Preloading 0 native plugins for Editor in 0.00 ms.
Initialize engine version: 2020.3.0f1 (c7b5465681fb)
[Subsystems] Discovering subsystems at path /Applications/Unity/Unity.app/Contents/Resources/UnitySubsystems
[Subsystems] Discovering subsystems at path /Users/avacavanaugh/Documents/GitHub/2D-project/Witches Game/Assets
GfxDevice: creating device client; threaded=0
2021-12-02 16:59:56.082 Unity[6601:18375497] Color LCD preferred device: Intel(R) UHD Graphics 617 (low power)
2021-12-02 16:59:56.082 Unity[6601:18375497] Metal devices available: 1
2021-12-02 16:59:56.082 Unity[6601:18375497] 0: Intel(R) UHD Graphics 617 (low power)
2021-12-02 16:59:56.082 Unity[6601:18375497] Using device Intel(R) UHD Graphics 617 (low power)
Initializing Metal device caps: Intel(R) UHD Graphics 617
Initialize mono
Mono path[0] = '/Applications/Unity/Unity.app/Contents/Managed'
Mono path[1] = '/Applications/Unity/Unity.app/Contents/MonoBleedingEdge/lib/mono/unityjit'
Mono config path = '/Applications/Unity/Unity.app/Contents/MonoBleedingEdge/etc'
Using monoOptions --debugger-agent=transport=dt_socket,embedding=1,server=y,suspend=n,address=127.0.0.1:56601
Begin MonoManager ReloadAssembly
Registering precompiled unity dll's ...
Register platform support module: /Applications/Unity/Unity.app/Contents/PlaybackEngines/MacStandaloneSupport/UnityEditor.OSXStandalone.Extensions.dll
Registered in 0.000782 seconds.
Native extension for OSXStandalone target not found
Refreshing native plugins compatible for Editor in 80.86 ms, found 2 plugins.
Preloading 0 native plugins for Editor in 0.00 ms.
Invoked RoslynAnalysisRunner static constructor.
RoslynAnalysisRunner will not be running.
RoslynAnalysisRunner has terminated.
Mono: successfully reloaded assembly
- Completed reload, in  2.381 seconds
Platform modules already initialized, skipping
Registering precompiled user dll's ...
Registered in 0.001082 seconds.
Begin MonoManager ReloadAssembly
Native extension for OSXStandalone target not found
Refreshing native plugins compatible for Editor in 46.93 ms, found 2 plugins.
Preloading 0 native plugins for Editor in 0.00 ms.
Invoked RoslynAnalysisRunner static constructor.
RoslynAnalysisRunner will not be running.
RoslynAnalysisRunner has terminated.
Mono: successfully reloaded assembly
- Completed reload, in  1.487 seconds
Platform modules already initialized, skipping
========================================================================
Worker process is ready to serve import requests
Launching external process: /Applications/Unity/Unity.app/Contents/Tools/UnityShaderCompiler
Launched and connected shader compiler UnityShaderCompiler after 0.02 seconds
Refreshing native plugins compatible for Editor in 0.54 ms, found 2 plugins.
Preloading 0 native plugins for Editor in 0.00 ms.
Unloading 1806 Unused Serialized files (Serialized files now loaded: 0)
System memory in use before: 141.8 MB.
System memory in use after: 141.7 MB.

Unloading 24 unused Assets to reduce memory usage. Loaded Objects now: 2248.
Total: 5.376129 ms (FindLiveObjects: 0.527955 ms CreateObjectMapping: 0.199486 ms MarkObjects: 4.354963 ms  DeleteObjects: 0.290504 ms)

========================================================================
Received Import Request.
  path: Assets/Characters/sprite copy.pdf
  artifactKey: Guid(2f08d8eb3d84b44b19721c8ada49f310) Importer(815301076,1909f56bfc062723c751e8b465ee728b)
Start importing Assets/Characters/sprite copy.pdf using Guid(2f08d8eb3d84b44b19721c8ada49f310) Importer(815301076,1909f56bfc062723c751e8b465ee728b)  -> (artifact id: '08679627ac0b61d52ebd151001cd9ca4') in 1.353748 seconds
  Import took 1.358624 seconds .

========================================================================
Received Import Request.
  Time since last request: 86.950967 seconds.
  path: Assets/Characters/sprite copy.pdf
  artifactKey: Guid(2f08d8eb3d84b44b19721c8ada49f310) Importer(815301076,1909f56bfc062723c751e8b465ee728b)
Start importing Assets/Characters/sprite copy.pdf using Guid(2f08d8eb3d84b44b19721c8ada49f310) Importer(815301076,1909f56bfc062723c751e8b465ee728b)  -> (artifact id: '0cfa69a5fb69a1c0fa0c4a6be6948338') in 0.004369 seconds
  Import took 0.010249 seconds .

========================================================================
Received Import Request.
  Time since last request: 0.001764 seconds.
  path: Assets/Characters/sprite copy.pdf
  artifactKey: Guid(2f08d8eb3d84b44b19721c8ada49f310) Importer(815301076,1909f56bfc062723c751e8b465ee728b)
Start importing Assets/Characters/sprite copy.pdf using Guid(2f08d8eb3d84b44b19721c8ada49f310) Importer(815301076,1909f56bfc062723c751e8b465ee728b)  -> (artifact id: '0cfa69a5fb69a1c0fa0c4a6be6948338') in 0.002665 seconds
  Import took 0.009536 seconds .

========================================================================
Received Import Request.
  Time since last request: 108.689455 seconds.
  path: Assets/Characters/sprite copy 2.png
  artifactKey: Guid(6862ab479e7014ae99d5b8b4b8cd0fbf) Importer(815301076,1909f56bfc062723c751e8b465ee728b)
Start importing Assets/Characters/sprite copy 2.png using Guid(6862ab479e7014ae99d5b8b4b8cd0fbf) Importer(815301076,1909f56bfc062723c751e8b465ee728b)  -> (artifact id: 'ad32ae055272846b19a83d86d851c2d1') in 1.874709 seconds
  Import took 1.880724 seconds .

