Using pre-set license

 COMMAND LINE ARGUMENTS:
/Applications/Unity/Unity.app/Contents/MacOS/Unity
-adb2
-batchMode
-noUpm
-name
AssetImportWorker0
-projectPath
/Users/avacavanaugh/Documents/GitHub/2D-project/3d-Cat-Project
-logFile
Logs/AssetImportWorker0.log
-srvPort
49361
Successfully changed project path to: /Users/avacavanaugh/Documents/GitHub/2D-project/3d-Cat-Project
/Users/avacavanaugh/Documents/GitHub/2D-project/3d-Cat-Project
Using Asset Import Pipeline V2.
Refreshing native plugins compatible for Editor in 63.59 ms, found 1 plugins.
Preloading 0 native plugins for Editor in 0.00 ms.
Initialize engine version: 2020.3.0f1 (c7b5465681fb)
[Subsystems] Discovering subsystems at path /Applications/Unity/Unity.app/Contents/Resources/UnitySubsystems
[Subsystems] Discovering subsystems at path /Users/avacavanaugh/Documents/GitHub/2D-project/3d-Cat-Project/Assets
GfxDevice: creating device client; threaded=0
2021-11-20 14:43:23.379 Unity[87640:14870599] Color LCD preferred device: Intel(R) UHD Graphics 617 (low power)
2021-11-20 14:43:23.380 Unity[87640:14870599] Metal devices available: 1
2021-11-20 14:43:23.380 Unity[87640:14870599] 0: Intel(R) UHD Graphics 617 (low power)
2021-11-20 14:43:23.380 Unity[87640:14870599] Using device Intel(R) UHD Graphics 617 (low power)
Initializing Metal device caps: Intel(R) UHD Graphics 617
Initialize mono
Mono path[0] = '/Applications/Unity/Unity.app/Contents/Managed'
Mono path[1] = '/Applications/Unity/Unity.app/Contents/MonoBleedingEdge/lib/mono/unityjit'
Mono config path = '/Applications/Unity/Unity.app/Contents/MonoBleedingEdge/etc'
Using monoOptions --debugger-agent=transport=dt_socket,embedding=1,server=y,suspend=n,address=127.0.0.1:56640
Begin MonoManager ReloadAssembly
Registering precompiled unity dll's ...
Register platform support module: /Applications/Unity/Unity.app/Contents/PlaybackEngines/MacStandaloneSupport/UnityEditor.OSXStandalone.Extensions.dll
Registered in 0.000652 seconds.
Native extension for OSXStandalone target not found
Refreshing native plugins compatible for Editor in 52.13 ms, found 1 plugins.
Preloading 0 native plugins for Editor in 0.00 ms.
Invoked RoslynAnalysisRunner static constructor.
RoslynAnalysisRunner will not be running.
RoslynAnalysisRunner has terminated.
Mono: successfully reloaded assembly
- Completed reload, in  3.751 seconds
Platform modules already initialized, skipping
Registering precompiled user dll's ...
Registered in 0.001798 seconds.
Begin MonoManager ReloadAssembly
Native extension for OSXStandalone target not found
Refreshing native plugins compatible for Editor in 0.53 ms, found 1 plugins.
Preloading 0 native plugins for Editor in 0.00 ms.
Invoked RoslynAnalysisRunner static constructor.
RoslynAnalysisRunner will not be running.
RoslynAnalysisRunner has terminated.
Mono: successfully reloaded assembly
- Completed reload, in  1.295 seconds
Platform modules already initialized, skipping
========================================================================
Worker process is ready to serve import requests
Launching external process: /Applications/Unity/Unity.app/Contents/Tools/UnityShaderCompiler
Launched and connected shader compiler UnityShaderCompiler after 0.02 seconds
Refreshing native plugins compatible for Editor in 0.76 ms, found 1 plugins.
Preloading 0 native plugins for Editor in 0.00 ms.
Unloading 1623 Unused Serialized files (Serialized files now loaded: 0)
System memory in use before: 132.8 MB.
System memory in use after: 132.8 MB.

Unloading 36 unused Assets to reduce memory usage. Loaded Objects now: 2052.
Total: 5.592460 ms (FindLiveObjects: 0.563186 ms CreateObjectMapping: 0.150988 ms MarkObjects: 4.708447 ms  DeleteObjects: 0.166794 ms)

========================================================================
Received Import Request.
  path: Assets/Prefabs/Environment/JohnLemon.prefab
  artifactKey: Guid(ad4b2ac3d51c140f7913c2a344fe5fca) Importer(815301076,1909f56bfc062723c751e8b465ee728b)
Start importing Assets/Prefabs/Environment/JohnLemon.prefab using Guid(ad4b2ac3d51c140f7913c2a344fe5fca) Importer(815301076,1909f56bfc062723c751e8b465ee728b)  -> (artifact id: '1e437d3fff4a3221f5686b6a9b5588a7') in 2.015370 seconds
  Import took 2.023282 seconds .

========================================================================
Received Import Request.
  Time since last request: 225.421934 seconds.
  path: Assets/Animation/Animation
  artifactKey: Guid(16c12986779f71343a6e6759d132b35e) Importer(815301076,1909f56bfc062723c751e8b465ee728b)
Start importing Assets/Animation/Animation using Guid(16c12986779f71343a6e6759d132b35e) Importer(815301076,1909f56bfc062723c751e8b465ee728b)  -> (artifact id: 'aebaea275a6d3917105604b60b75368c') in 0.002892 seconds
  Import took 0.010616 seconds .

========================================================================
Received Import Request.
  Time since last request: 0.069667 seconds.
  path: Assets/Animation/Animation/Gargoyle@Idle.fbx
  artifactKey: Guid(475d389e70692ca4abb09caca1aef9ae) Importer(815301076,1909f56bfc062723c751e8b465ee728b)
Start importing Assets/Animation/Animation/Gargoyle@Idle.fbx using Guid(475d389e70692ca4abb09caca1aef9ae) Importer(815301076,1909f56bfc062723c751e8b465ee728b)  -> (artifact id: '535f8bc6f0e9885d8d6dc3749a130f06') in 0.608310 seconds
  Import took 0.617563 seconds .

========================================================================
Received Import Request.
  Time since last request: 0.000313 seconds.
  path: Assets/Animation/Animation/John@Idle.fbx
  artifactKey: Guid(873202b19b03a8a4e976f0b15d21cd24) Importer(815301076,1909f56bfc062723c751e8b465ee728b)
Start importing Assets/Animation/Animation/John@Idle.fbx using Guid(873202b19b03a8a4e976f0b15d21cd24) Importer(815301076,1909f56bfc062723c751e8b465ee728b)  -> (artifact id: '6a8190abfb3ea61b3ea33ac1836ca6b4') in 0.070981 seconds
  Import took 0.075749 seconds .

========================================================================
Received Import Request.
  Time since last request: 0.000297 seconds.
  path: Assets/Animation/Animation/Ghost@Walk.fbx
  artifactKey: Guid(2017cad317b564c409a9e5bd02341461) Importer(815301076,1909f56bfc062723c751e8b465ee728b)
Start importing Assets/Animation/Animation/Ghost@Walk.fbx using Guid(2017cad317b564c409a9e5bd02341461) Importer(815301076,1909f56bfc062723c751e8b465ee728b)  -> (artifact id: '4ca6dae19352bc1d6de731cb302ae7a7') in 0.064406 seconds
  Import took 0.069761 seconds .

========================================================================
Received Import Request.
  Time since last request: 0.000470 seconds.
  path: Assets/Animation/Animation/John@Walk.fbx
  artifactKey: Guid(da1625e6a723d1745a6ba7f6565a130f) Importer(815301076,1909f56bfc062723c751e8b465ee728b)
Start importing Assets/Animation/Animation/John@Walk.fbx using Guid(da1625e6a723d1745a6ba7f6565a130f) Importer(815301076,1909f56bfc062723c751e8b465ee728b)  -> (artifact id: 'dc34f909736a724aa5a2f020c834dadc') in 0.064188 seconds
  Import took 0.071190 seconds .

========================================================================
Received Import Request.
  Time since last request: 0.000444 seconds.
  path: Assets/Animation/Animation/Ghost@Shower.fbx
  artifactKey: Guid(4c7b6999390a2c24498d13e4084b200f) Importer(815301076,1909f56bfc062723c751e8b465ee728b)
Start importing Assets/Animation/Animation/Ghost@Shower.fbx using Guid(4c7b6999390a2c24498d13e4084b200f) Importer(815301076,1909f56bfc062723c751e8b465ee728b)  -> (artifact id: 'b9e81ca2250f659d555f94f20d1d97d7') in 0.071305 seconds
  Import took 0.079455 seconds .

========================================================================
Received Import Request.
  Time since last request: 212.717150 seconds.
  path: Assets/Animation/Animators/JohnLemon.controller
  artifactKey: Guid(e9d05d00baed840dfba8f1a1ef3af364) Importer(815301076,1909f56bfc062723c751e8b465ee728b)
Start importing Assets/Animation/Animators/JohnLemon.controller using Guid(e9d05d00baed840dfba8f1a1ef3af364) Importer(815301076,1909f56bfc062723c751e8b465ee728b)  -> (artifact id: 'c6a23cbfeab900e8d49a8cb441251681') in 0.257933 seconds
  Import took 0.263610 seconds .

========================================================================
Received Prepare
Registering precompiled user dll's ...
Registered in 0.003980 seconds.
Begin MonoManager ReloadAssembly
Native extension for OSXStandalone target not found
Refreshing native plugins compatible for Editor in 0.55 ms, found 1 plugins.
Preloading 0 native plugins for Editor in 0.00 ms.
Invoked RoslynAnalysisRunner static constructor.
RoslynAnalysisRunner will not be running.
RoslynAnalysisRunner has terminated.
Mono: successfully reloaded assembly
- Completed reload, in  1.049 seconds
Platform modules already initialized, skipping
Refreshing native plugins compatible for Editor in 0.86 ms, found 1 plugins.
Preloading 0 native plugins for Editor in 0.00 ms.
Unloading 1585 Unused Serialized files (Serialized files now loaded: 0)
System memory in use before: 147.3 MB.
System memory in use after: 147.4 MB.

Unloading 28 unused Assets to reduce memory usage. Loaded Objects now: 2065.
Total: 3.583740 ms (FindLiveObjects: 0.392454 ms CreateObjectMapping: 0.122183 ms MarkObjects: 2.961856 ms  DeleteObjects: 0.100954 ms)

========================================================================
Received Import Request.
  Time since last request: 837.632773 seconds.
  path: Assets/Animation/Animators/JohnLemon.controller
  artifactKey: Guid(e9d05d00baed840dfba8f1a1ef3af364) Importer(815301076,1909f56bfc062723c751e8b465ee728b)
Start importing Assets/Animation/Animators/JohnLemon.controller using Guid(e9d05d00baed840dfba8f1a1ef3af364) Importer(815301076,1909f56bfc062723c751e8b465ee728b)  -> (artifact id: 'bcc8737f96dc74c0ea168bcc732218c3') in 0.030387 seconds
  Import took 0.035691 seconds .

========================================================================
Received Prepare
Registering precompiled user dll's ...
Registered in 0.002695 seconds.
Begin MonoManager ReloadAssembly
Native extension for OSXStandalone target not found
Refreshing native plugins compatible for Editor in 0.63 ms, found 1 plugins.
Preloading 0 native plugins for Editor in 0.00 ms.
Invoked RoslynAnalysisRunner static constructor.
RoslynAnalysisRunner will not be running.
RoslynAnalysisRunner has terminated.
Mono: successfully reloaded assembly
- Completed reload, in  1.244 seconds
Platform modules already initialized, skipping
Refreshing native plugins compatible for Editor in 0.54 ms, found 1 plugins.
Preloading 0 native plugins for Editor in 0.00 ms.
Unloading 1585 Unused Serialized files (Serialized files now loaded: 0)
System memory in use before: 147.6 MB.
System memory in use after: 147.7 MB.

Unloading 27 unused Assets to reduce memory usage. Loaded Objects now: 2068.
Total: 2.501235 ms (FindLiveObjects: 0.344540 ms CreateObjectMapping: 0.079524 ms MarkObjects: 2.004186 ms  DeleteObjects: 0.071679 ms)

========================================================================
Received Import Request.
  Time since last request: 473.050980 seconds.
  path: Assets/Scripts
  artifactKey: Guid(4b32d296f22ef544caf49758d8111991) Importer(815301076,1909f56bfc062723c751e8b465ee728b)
Start importing Assets/Scripts using Guid(4b32d296f22ef544caf49758d8111991) Importer(815301076,1909f56bfc062723c751e8b465ee728b)  -> (artifact id: '2d618f590ec48963f6ab8d22d2450602') in 0.008578 seconds
  Import took 0.016595 seconds .

========================================================================
Received Import Request.
  Time since last request: 20.483345 seconds.
  path: Assets/Scripts/PlayerMovement.cs
  artifactKey: Guid(8b7245b498d6e47b7a00229dc6cd4d77) Importer(815301076,1909f56bfc062723c751e8b465ee728b)
Start importing Assets/Scripts/PlayerMovement.cs using Guid(8b7245b498d6e47b7a00229dc6cd4d77) Importer(815301076,1909f56bfc062723c751e8b465ee728b)  -> (artifact id: 'c716a4da7bfd72b51d9173111b16099a') in 5.480914 seconds
  Import took 5.486124 seconds .

========================================================================
Received Prepare
Registering precompiled user dll's ...
Registered in 0.002510 seconds.
Begin MonoManager ReloadAssembly
Native extension for OSXStandalone target not found
Refreshing native plugins compatible for Editor in 0.54 ms, found 1 plugins.
Preloading 0 native plugins for Editor in 0.00 ms.
Invoked RoslynAnalysisRunner static constructor.
RoslynAnalysisRunner will not be running.
RoslynAnalysisRunner has terminated.
Mono: successfully reloaded assembly
- Completed reload, in  1.195 seconds
Platform modules already initialized, skipping
Refreshing native plugins compatible for Editor in 0.57 ms, found 1 plugins.
Preloading 0 native plugins for Editor in 0.00 ms.
Unloading 1586 Unused Serialized files (Serialized files now loaded: 0)
System memory in use before: 152.0 MB.
System memory in use after: 152.1 MB.

Unloading 27 unused Assets to reduce memory usage. Loaded Objects now: 2072.
Total: 2.611235 ms (FindLiveObjects: 0.269589 ms CreateObjectMapping: 0.066405 ms MarkObjects: 2.197467 ms  DeleteObjects: 0.076291 ms)

========================================================================
Received Prepare
Registering precompiled user dll's ...
Registered in 0.002802 seconds.
Begin MonoManager ReloadAssembly
Native extension for OSXStandalone target not found
Refreshing native plugins compatible for Editor in 0.83 ms, found 1 plugins.
Preloading 0 native plugins for Editor in 0.00 ms.
Invoked RoslynAnalysisRunner static constructor.
RoslynAnalysisRunner will not be running.
RoslynAnalysisRunner has terminated.
Mono: successfully reloaded assembly
- Completed reload, in  1.280 seconds
Platform modules already initialized, skipping
Refreshing native plugins compatible for Editor in 0.62 ms, found 1 plugins.
Preloading 0 native plugins for Editor in 0.00 ms.
Unloading 1586 Unused Serialized files (Serialized files now loaded: 0)
System memory in use before: 152.3 MB.
System memory in use after: 152.4 MB.

Unloading 27 unused Assets to reduce memory usage. Loaded Objects now: 2075.
Total: 2.614881 ms (FindLiveObjects: 0.379794 ms CreateObjectMapping: 0.099854 ms MarkObjects: 2.063110 ms  DeleteObjects: 0.069732 ms)

========================================================================
Received Import Request.
  Time since last request: 110.438601 seconds.
  path: Assets/Scripts/PlayerMovement.cs
  artifactKey: Guid(8b7245b498d6e47b7a00229dc6cd4d77) Importer(815301076,1909f56bfc062723c751e8b465ee728b)
Start importing Assets/Scripts/PlayerMovement.cs using Guid(8b7245b498d6e47b7a00229dc6cd4d77) Importer(815301076,1909f56bfc062723c751e8b465ee728b)  -> (artifact id: '1f4a052279887ec776d89944472040b5') in 0.011198 seconds
  Import took 0.018105 seconds .

========================================================================
Received Prepare
Registering precompiled user dll's ...
Registered in 0.001868 seconds.
Begin MonoManager ReloadAssembly
Native extension for OSXStandalone target not found
Refreshing native plugins compatible for Editor in 0.55 ms, found 1 plugins.
Preloading 0 native plugins for Editor in 0.00 ms.
Invoked RoslynAnalysisRunner static constructor.
RoslynAnalysisRunner will not be running.
RoslynAnalysisRunner has terminated.
Mono: successfully reloaded assembly
- Completed reload, in  1.263 seconds
Platform modules already initialized, skipping
Refreshing native plugins compatible for Editor in 1.19 ms, found 1 plugins.
Preloading 0 native plugins for Editor in 0.00 ms.
Unloading 1586 Unused Serialized files (Serialized files now loaded: 0)
System memory in use before: 152.5 MB.
System memory in use after: 152.6 MB.

Unloading 27 unused Assets to reduce memory usage. Loaded Objects now: 2078.
Total: 2.827392 ms (FindLiveObjects: 0.398563 ms CreateObjectMapping: 0.118266 ms MarkObjects: 2.225821 ms  DeleteObjects: 0.082129 ms)

========================================================================
Received Prepare
Registering precompiled user dll's ...
Registered in 0.001878 seconds.
Begin MonoManager ReloadAssembly
Native extension for OSXStandalone target not found
Refreshing native plugins compatible for Editor in 0.56 ms, found 1 plugins.
Preloading 0 native plugins for Editor in 0.00 ms.
Invoked RoslynAnalysisRunner static constructor.
RoslynAnalysisRunner will not be running.
RoslynAnalysisRunner has terminated.
Mono: successfully reloaded assembly
- Completed reload, in  1.570 seconds
Platform modules already initialized, skipping
Refreshing native plugins compatible for Editor in 0.66 ms, found 1 plugins.
Preloading 0 native plugins for Editor in 0.00 ms.
Unloading 1586 Unused Serialized files (Serialized files now loaded: 0)
System memory in use before: 152.7 MB.
System memory in use after: 152.8 MB.

Unloading 27 unused Assets to reduce memory usage. Loaded Objects now: 2081.
Total: 4.745498 ms (FindLiveObjects: 0.435292 ms CreateObjectMapping: 0.169130 ms MarkObjects: 3.986611 ms  DeleteObjects: 0.150112 ms)

========================================================================
Received Prepare
Registering precompiled user dll's ...
Registered in 0.004488 seconds.
Begin MonoManager ReloadAssembly
Native extension for OSXStandalone target not found
Refreshing native plugins compatible for Editor in 0.52 ms, found 1 plugins.
Preloading 0 native plugins for Editor in 0.00 ms.
Invoked RoslynAnalysisRunner static constructor.
RoslynAnalysisRunner will not be running.
RoslynAnalysisRunner has terminated.
Mono: successfully reloaded assembly
- Completed reload, in  1.387 seconds
Platform modules already initialized, skipping
Refreshing native plugins compatible for Editor in 0.55 ms, found 1 plugins.
Preloading 0 native plugins for Editor in 0.00 ms.
Unloading 1586 Unused Serialized files (Serialized files now loaded: 0)
System memory in use before: 152.9 MB.
System memory in use after: 153.0 MB.

Unloading 27 unused Assets to reduce memory usage. Loaded Objects now: 2084.
Total: 5.233121 ms (FindLiveObjects: 0.534612 ms CreateObjectMapping: 0.192666 ms MarkObjects: 4.404557 ms  DeleteObjects: 0.098088 ms)

========================================================================
Received Prepare
Registering precompiled user dll's ...
Registered in 0.001881 seconds.
Begin MonoManager ReloadAssembly
Native extension for OSXStandalone target not found
Refreshing native plugins compatible for Editor in 0.54 ms, found 1 plugins.
Preloading 0 native plugins for Editor in 0.00 ms.
Invoked RoslynAnalysisRunner static constructor.
RoslynAnalysisRunner will not be running.
RoslynAnalysisRunner has terminated.
Mono: successfully reloaded assembly
- Completed reload, in  1.156 seconds
Platform modules already initialized, skipping
Refreshing native plugins compatible for Editor in 0.58 ms, found 1 plugins.
Preloading 0 native plugins for Editor in 0.00 ms.
Unloading 1586 Unused Serialized files (Serialized files now loaded: 0)
System memory in use before: 153.2 MB.
System memory in use after: 153.2 MB.

Unloading 27 unused Assets to reduce memory usage. Loaded Objects now: 2087.
Total: 3.721447 ms (FindLiveObjects: 0.541033 ms CreateObjectMapping: 0.175520 ms MarkObjects: 2.910279 ms  DeleteObjects: 0.091167 ms)

========================================================================
Received Import Request.
  Time since last request: 406.360425 seconds.
  path: Assets/Scripts/PlayerMovement.cs
  artifactKey: Guid(8b7245b498d6e47b7a00229dc6cd4d77) Importer(815301076,1909f56bfc062723c751e8b465ee728b)
Start importing Assets/Scripts/PlayerMovement.cs using Guid(8b7245b498d6e47b7a00229dc6cd4d77) Importer(815301076,1909f56bfc062723c751e8b465ee728b)  -> (artifact id: 'd2d41b10d49844854cf3437409fd94e5') in 0.008566 seconds
  Import took 0.013137 seconds .

========================================================================
Received Import Request.
  Time since last request: 0.036952 seconds.
  path: Assets/Scripts/PlayerMovement.cs
  artifactKey: Guid(8b7245b498d6e47b7a00229dc6cd4d77) Importer(815301076,1909f56bfc062723c751e8b465ee728b)
Start importing Assets/Scripts/PlayerMovement.cs using Guid(8b7245b498d6e47b7a00229dc6cd4d77) Importer(815301076,1909f56bfc062723c751e8b465ee728b)  -> (artifact id: 'd2d41b10d49844854cf3437409fd94e5') in 0.004980 seconds
  Import took 0.009106 seconds .

========================================================================
Received Prepare
Registering precompiled user dll's ...
Registered in 0.002667 seconds.
Begin MonoManager ReloadAssembly
Native extension for OSXStandalone target not found
Refreshing native plugins compatible for Editor in 0.59 ms, found 1 plugins.
Preloading 0 native plugins for Editor in 0.00 ms.
Invoked RoslynAnalysisRunner static constructor.
RoslynAnalysisRunner will not be running.
RoslynAnalysisRunner has terminated.
Mono: successfully reloaded assembly
- Completed reload, in  1.261 seconds
Platform modules already initialized, skipping
Refreshing native plugins compatible for Editor in 0.79 ms, found 1 plugins.
Preloading 0 native plugins for Editor in 0.00 ms.
Unloading 1586 Unused Serialized files (Serialized files now loaded: 0)
System memory in use before: 153.4 MB.
System memory in use after: 153.4 MB.

Unloading 27 unused Assets to reduce memory usage. Loaded Objects now: 2090.
Total: 2.277268 ms (FindLiveObjects: 0.298883 ms CreateObjectMapping: 0.067911 ms MarkObjects: 1.846565 ms  DeleteObjects: 0.062808 ms)

========================================================================
Received Prepare
Registering precompiled user dll's ...
Registered in 0.002674 seconds.
Begin MonoManager ReloadAssembly
Native extension for OSXStandalone target not found
Refreshing native plugins compatible for Editor in 0.58 ms, found 1 plugins.
Preloading 0 native plugins for Editor in 0.00 ms.
Invoked RoslynAnalysisRunner static constructor.
RoslynAnalysisRunner will not be running.
RoslynAnalysisRunner has terminated.
Mono: successfully reloaded assembly
- Completed reload, in  1.727 seconds
Platform modules already initialized, skipping
Refreshing native plugins compatible for Editor in 0.62 ms, found 1 plugins.
Preloading 0 native plugins for Editor in 0.00 ms.
Unloading 1586 Unused Serialized files (Serialized files now loaded: 0)
System memory in use before: 153.5 MB.
System memory in use after: 153.6 MB.

Unloading 27 unused Assets to reduce memory usage. Loaded Objects now: 2093.
Total: 4.585555 ms (FindLiveObjects: 0.565104 ms CreateObjectMapping: 0.192379 ms MarkObjects: 3.721316 ms  DeleteObjects: 0.103225 ms)

