Using pre-set license

 COMMAND LINE ARGUMENTS:
/Applications/Unity/Unity.app/Contents/MacOS/Unity
-adb2
-batchMode
-noUpm
-name
AssetImportWorker0
-projectPath
/Users/avacavanaugh/Documents/GitHub/2D-project/Witch Game
-logFile
Logs/AssetImportWorker0.log
-srvPort
51541
Successfully changed project path to: /Users/avacavanaugh/Documents/GitHub/2D-project/Witch Game
/Users/avacavanaugh/Documents/GitHub/2D-project/Witch Game
Using Asset Import Pipeline V2.
Refreshing native plugins compatible for Editor in 61.74 ms, found 2 plugins.
Preloading 0 native plugins for Editor in 0.00 ms.
Initialize engine version: 2020.3.0f1 (c7b5465681fb)
[Subsystems] Discovering subsystems at path /Applications/Unity/Unity.app/Contents/Resources/UnitySubsystems
[Subsystems] Discovering subsystems at path /Users/avacavanaugh/Documents/GitHub/2D-project/Witch Game/Assets
GfxDevice: creating device client; threaded=0
2021-12-02 16:45:39.296 Unity[5868:18360168] Color LCD preferred device: Intel(R) UHD Graphics 617 (low power)
2021-12-02 16:45:39.296 Unity[5868:18360168] Metal devices available: 1
2021-12-02 16:45:39.296 Unity[5868:18360168] 0: Intel(R) UHD Graphics 617 (low power)
2021-12-02 16:45:39.296 Unity[5868:18360168] Using device Intel(R) UHD Graphics 617 (low power)
Initializing Metal device caps: Intel(R) UHD Graphics 617
Initialize mono
Mono path[0] = '/Applications/Unity/Unity.app/Contents/Managed'
Mono path[1] = '/Applications/Unity/Unity.app/Contents/MonoBleedingEdge/lib/mono/unityjit'
Mono config path = '/Applications/Unity/Unity.app/Contents/MonoBleedingEdge/etc'
Using monoOptions --debugger-agent=transport=dt_socket,embedding=1,server=y,suspend=n,address=127.0.0.1:56868
Begin MonoManager ReloadAssembly
Registering precompiled unity dll's ...
Register platform support module: /Applications/Unity/Unity.app/Contents/PlaybackEngines/MacStandaloneSupport/UnityEditor.OSXStandalone.Extensions.dll
Registered in 0.003472 seconds.
Native extension for OSXStandalone target not found
Refreshing native plugins compatible for Editor in 57.39 ms, found 2 plugins.
Preloading 0 native plugins for Editor in 0.00 ms.
Invoked RoslynAnalysisRunner static constructor.
RoslynAnalysisRunner will not be running.
RoslynAnalysisRunner has terminated.
Mono: successfully reloaded assembly
- Completed reload, in  3.172 seconds
Platform modules already initialized, skipping
Registering precompiled user dll's ...
Registered in 0.000794 seconds.
Begin MonoManager ReloadAssembly
Native extension for OSXStandalone target not found
Refreshing native plugins compatible for Editor in 49.25 ms, found 2 plugins.
Preloading 0 native plugins for Editor in 0.00 ms.
Invoked RoslynAnalysisRunner static constructor.
RoslynAnalysisRunner will not be running.
RoslynAnalysisRunner has terminated.
Mono: successfully reloaded assembly
- Completed reload, in  1.849 seconds
Platform modules already initialized, skipping
========================================================================
Worker process is ready to serve import requests
Launching external process: /Applications/Unity/Unity.app/Contents/Tools/UnityShaderCompiler
Launched and connected shader compiler UnityShaderCompiler after 0.02 seconds
Refreshing native plugins compatible for Editor in 0.43 ms, found 2 plugins.
Preloading 0 native plugins for Editor in 0.00 ms.
Unloading 1806 Unused Serialized files (Serialized files now loaded: 0)
System memory in use before: 141.8 MB.
System memory in use after: 141.8 MB.

Unloading 24 unused Assets to reduce memory usage. Loaded Objects now: 2248.
Total: 4.813067 ms (FindLiveObjects: 0.399688 ms CreateObjectMapping: 0.134455 ms MarkObjects: 4.008645 ms  DeleteObjects: 0.267646 ms)

========================================================================
Received Import Request.
  path: Assets/Witch_Basicl.PNG
  artifactKey: Guid(0b59791b55e514d09ad2bf0efe3eab2c) Importer(815301076,1909f56bfc062723c751e8b465ee728b)
Start importing Assets/Witch_Basicl.PNG using Guid(0b59791b55e514d09ad2bf0efe3eab2c) Importer(815301076,1909f56bfc062723c751e8b465ee728b)  -> (artifact id: '7d5c500730dd4487f8f43d858dd7d296') in 1.975346 seconds
  Import took 1.981030 seconds .

========================================================================
Received Prepare
Registering precompiled user dll's ...
Registered in 0.001054 seconds.
Begin MonoManager ReloadAssembly
Native extension for OSXStandalone target not found
Refreshing native plugins compatible for Editor in 0.75 ms, found 2 plugins.
Preloading 0 native plugins for Editor in 0.00 ms.
Invoked RoslynAnalysisRunner static constructor.
RoslynAnalysisRunner will not be running.
RoslynAnalysisRunner has terminated.
Mono: successfully reloaded assembly
- Completed reload, in  1.123 seconds
Platform modules already initialized, skipping
Refreshing native plugins compatible for Editor in 0.43 ms, found 2 plugins.
Preloading 0 native plugins for Editor in 0.00 ms.
Unloading 1801 Unused Serialized files (Serialized files now loaded: 0)
System memory in use before: 149.7 MB.
System memory in use after: 149.7 MB.

Unloading 12 unused Assets to reduce memory usage. Loaded Objects now: 2258.
Total: 2.584186 ms (FindLiveObjects: 0.307486 ms CreateObjectMapping: 0.116413 ms MarkObjects: 2.027946 ms  DeleteObjects: 0.129113 ms)

